INFO:root:suc >> addedCourse >> ID = 2210TK01
INFO:root:suc > stAdded>> LÊ PHƯỚC AN
INFO:root:suc > stAdded>> NGUYỄN LÊ LONG ẨN
INFO:root:suc > stAdded>> PHẠM PHƯƠNG ANH
INFO:root:suc > stAdded>> THÁI THỊ NGỌC ANH
INFO:root:suc > stAdded>> VÕ HOÀNG ANH
INFO:root:suc > stAdded>> NGUYỄN THÀNH BẮC
INFO:root:suc > stAdded>> TRẦN VĂN BÁCH
INFO:root:suc > stAdded>> ĐÀO QUỐC BẢO
INFO:root:suc > stAdded>> NGUYỄN BẢY
INFO:root:suc > stAdded>> NGUYỄN VĂN BẢY
INFO:root:suc > stAdded>> BÙI CAO BÌNH
INFO:root:suc > stAdded>> BÙI THỊ BÔNG
INFO:root:suc > stAdded>> VĂN HỮU CAO
INFO:root:suc > stAdded>> RƠ ÔNG HA CHE
INFO:root:suc > stAdded>> HUỲNH VĂN CHÍ
INFO:root:suc > stAdded>> NGUYỄN VĂN CHIẾN
INFO:root:suc > stAdded>> LÊ VĂN CHUNG
INFO:root:suc > stAdded>> NGUYỄN PHÚ THIÊN CHƯƠNG
INFO:root:suc > stAdded>> TRẦN CÔNG
INFO:root:suc > stAdded>> TRẦN THANH CÔNG
INFO:root:suc > stAdded>> ĐOÀN TRUNG CƯỜNG
INFO:root:suc > stAdded>> NGUYỄN HỮU CƯỜNG
INFO:root:suc > stAdded>> NGUYỄN VĂN ĐÀM
INFO:root:suc > stAdded>> NGUYỄN THỊ DÂNG
INFO:root:suc > stAdded>> TRẦN ĐẠO
INFO:root:suc > stAdded>> LÊ TẤN ĐẠT
INFO:root:suc > stAdded>> NGUYỄN CAO THÀNH ĐẠT
INFO:root:suc > stAdded>> NGUYỄN MẠNH ĐẠT
INFO:root:suc > stAdded>> NGUYỄN TẤN ĐẠT
INFO:root:suc > stAdded>> NGUYỄN TẤN ĐẠT
INFO:root:suc > stAdded>> NGUYỄN KHẮC ĐIỆP
INFO:root:suc > stAdded>> NGUYỄN KHẮC ĐỊNH
INFO:root:suc > stAdded>> NGUYỄN MINH ĐỊNH
INFO:root:suc > stAdded>> TRẦN THỊ MỘNG DUNG
INFO:root:suc > stAdded>> NGUYỄN VĂN DŨNG
INFO:root:suc > stAdded>> TRÀ ẤN DƯƠNG
INFO:root:suc > stAdded>> LAI MINH ĐƯƠNG
INFO:root:suc > stAdded>> TRƯƠNG THỊ TUYẾT EM
INFO:root:suc > stAdded>> VÕ THANH GIẢN
INFO:root:suc > stAdded>> LÊ THANH HẢI
INFO:root:suc > stAdded>> NGUYỄN MINH HẢI
INFO:root:suc > stAdded>> NGUYỄN VIỆT HẢI
INFO:root:suc > stAdded>> PHẠM HỒNG HẢI
INFO:root:suc > stAdded>> VÕ THANH HẢI
INFO:root:suc > stAdded>> PHẠM HOÀNG HẢO
INFO:root:suc > stAdded>> TRƯƠNG CÔNG HẬU
INFO:root:suc > stAdded>> LÊ THANH HIỀN
INFO:root:suc > stAdded>> NGUYỄN THỊ HIỀN
INFO:root:suc > stAdded>> TRIỆU THỊ THANH HIỀN
INFO:root:suc > stAdded>> NGUYỄN TRUNG HIẾU
INFO:root:suc > stAdded>> VÕ MINH HIẾU
INFO:root:suc > stAdded>> NGUYỄN THỊ HOA
INFO:root:suc > stAdded>> ĐẶNG PHÚ HÒA
INFO:root:suc > stAdded>> ĐỖ ĐÌNH HOÀNG
INFO:root:suc > stAdded>> NGUYỄN CHÍ HOÀNG
INFO:root:suc > stAdded>> VÕ VĂN HOÀNG
INFO:root:suc > stAdded>> NGUYỄN HỮU HỌC
INFO:root:suc > stAdded>> NGUYỄN VĂN HỘI
INFO:root:suc > stAdded>> LÊ THỊ HỒNG
INFO:root:suc > stAdded>> LÊ QUANG HỢP
INFO:root:suc > stAdded>> NGUYỄN VIẾT HỢP
INFO:root:suc > stAdded>> NGUYỄN ĐÌNH HÙNG
INFO:root:suc > stAdded>> TĂNG VĂN HÙNG
INFO:root:suc > stAdded>> TRƯƠNG MINH HÙNG
INFO:root:suc > stAdded>> BÙI PHẠM QUỐC HƯNG
INFO:root:suc > stAdded>> ĐINH NGUYÊN HƯNG
INFO:root:suc > stAdded>> NGUYỄN VĂN HỮU
INFO:root:suc > stAdded>> NGÔ SĨ TÀI HUY
INFO:root:suc > stAdded>> NGUYỄN HUỲNH HUY
INFO:root:suc > stAdded>> HUỲNH VĨNH NGỌC HUYỀN
INFO:root:suc > stAdded>> CIL HA JĂNG
INFO:root:suc > stAdded>> LÊ HOÀNG KHA
INFO:root:suc > stAdded>> LÊ QUANG KHẢ
INFO:root:suc > stAdded>> NGUYỄN HOÀNG KHẢI
INFO:root:suc > stAdded>> LÊ DUY KHANG
INFO:root:suc > stAdded>> CAO NGUYÊN KHÁNH
INFO:root:suc > stAdded>> HOÀNG ĐÌNH KHÁNH
INFO:root:suc > stAdded>> VÕ VIỆT KHÁNH
INFO:root:suc > stAdded>> NGUYỄN ĐĂNG KHOA
INFO:root:suc > stAdded>> NGUYỄN VĂN KHOA
INFO:root:suc > stAdded>> PHẠM TRẦN VĂN KHOA
INFO:root:suc > stAdded>> NGUYỄN VĂN KHỎE
INFO:root:suc > stAdded>> TRỊNH PHẠM MINH KHÔI
INFO:root:suc > stAdded>> TRẦN TUẤN KIỆT
INFO:root:suc > stAdded>> HUỲNH THỊ THÚY KIỀU
INFO:root:suc > stAdded>> ĐỖ THÀNH LÂM
INFO:root:suc > stAdded>> NGUYỄN HỮU LÂM
INFO:root:suc > stAdded>> PHẠM VĂN LÃM
INFO:root:suc > stAdded>> NGUYỄN THỊ NGỌC LAN
INFO:root:suc > stAdded>> TRƯƠNG BÁ LẬP
INFO:root:suc > stAdded>> ĐINH THỊ QUỲNH LÊ
INFO:root:suc > stAdded>> LÊ NGỌC LỄ
INFO:root:suc > stAdded>> NGUYỄN LỄ
INFO:root:suc > stAdded>> NGUYỄN NGỌC LIÊN
INFO:root:suc > stAdded>> NGUYỄN CÔNG LINH
INFO:root:suc > stAdded>> NGUYỄN THỊ THÚY LINH
INFO:root:suc > stAdded>> NGUYỄN VĨNH LỘC
INFO:root:suc > stAdded>> CAO NGỌC LỢI
INFO:root:suc > stAdded>> NGUYỄN THÀNH LUÂN
INFO:root:suc > stAdded>> LÊ CÔNG LUẬN
INFO:root:suc > stAdded>> LÊ SỸ LUẬN
INFO:root:suc > stAdded>> NGUYỄN BÁ NGỌC LƯU
INFO:root:suc > stAdded>> TRẦN THỊ TUYẾT MAI
INFO:root:suc > stAdded>> HUỲNH DUY MẪN
INFO:root:suc > stAdded>> LÊ MINH MẪN
INFO:root:suc > stAdded>> BÙI THANH MINH
INFO:root:suc > stAdded>> NGÔ QUANG MINH
INFO:root:suc > stAdded>> NGUYỄN THỊ ÁNH MINH
INFO:root:suc > stAdded>> VÕ BÌNH MINH
INFO:root:suc > stAdded>> NGUYỄN XUÂN MỘNG
INFO:root:suc > stAdded>> LÊ THỊ CÀ NA
INFO:root:suc > stAdded>> ĐẶNG VĂN NAM
INFO:root:suc > stAdded>> HỒ THANH NAM
INFO:root:suc > stAdded>> PHAN VĂN NAM
INFO:root:suc > stAdded>> THÁI ĐẮC NAM
INFO:root:suc > stAdded>> TRẦN HOÀI NAM
INFO:root:suc > stAdded>> VŨ HOÀNG NAM
INFO:root:suc > stAdded>> BÙI THỊ THANH NGA
INFO:root:suc > stAdded>> ĐỖ VĂN NGÀ
INFO:root:suc > stAdded>> PHẠM VĂN NGHĨA
INFO:root:suc > stAdded>> NGUYỄN TÂM HƯƠNG NGỌC
INFO:root:suc > stAdded>> NGUYỄN THỊ NGỌC
INFO:root:suc > stAdded>> NGUYỄN TRẦN MAI NGỌC
INFO:root:suc > stAdded>> TRẦN THỊ DIỄM NGỌC
INFO:root:suc > stAdded>> TRƯƠNG MINH NGỌC
INFO:root:suc > stAdded>> NGUYỄN VĂN NGON
INFO:root:suc > stAdded>> NGUYỄN PHÚC NGUYÊN
INFO:root:suc > stAdded>> NGUYỄN QUANG NGUYÊN
INFO:root:suc > stAdded>> NGUYỄN THỊ THẢO NGUYÊN
INFO:root:suc > stAdded>> NGUYỄN VĂN NGUYÊN
INFO:root:suc > stAdded>> LÊ TRỌNG NHÂN
INFO:root:suc > stAdded>> TÔN NỮ HỒNG NHÂN
INFO:root:suc > stAdded>> TRẦN TRỌNG NHÂN
INFO:root:suc > stAdded>> TRƯƠNG PHƯỚC NHÂN
INFO:root:suc > stAdded>> NGUYỄN DUY NHẬT
INFO:root:suc > stAdded>> NGUYỄN THỤY NHƯ
INFO:root:suc > stAdded>> HOÀNG THỊ OANH
INFO:root:suc > stAdded>> NGUYỄN THỊ HỒNG PHẤN
INFO:root:suc > stAdded>> LÊ NGỌC PHÁT
INFO:root:suc > stAdded>> LÊ THANH PHÁT
INFO:root:suc > stAdded>> NGUYỄN THÀNH PHÁT
INFO:root:suc > stAdded>> HỒ MÀN PHONG
INFO:root:suc > stAdded>> HUỲNH THANH PHONG
INFO:root:suc > stAdded>> LÊ VĂN PHONG
INFO:root:suc > stAdded>> NGUYỄN HÙNG PHONG
INFO:root:suc > stAdded>> PHAN ĐỨC PHONG
INFO:root:suc > stAdded>> NGŨ NHỊ PHÚ
INFO:root:suc > stAdded>> TỐN THẤT PHÚC
INFO:root:suc > stAdded>> NGUYỄN KHẮC PHƯƠNG
INFO:root:suc > stAdded>> NGUYỄN MINH PHƯƠNG
INFO:root:suc > stAdded>> PHẠM VĂN TRỌNG PHƯƠNG
INFO:root:suc > stAdded>> ĐỖ THỊ PHƯỢNG
INFO:root:suc > stAdded>> PHẠM MINH QUÂN
INFO:root:suc > stAdded>> TRỊNH QUỐC QUÂN
INFO:root:suc > stAdded>> ĐẶNG THANH QUANG
INFO:root:suc > stAdded>> TRẦN HỒNG QUANG
INFO:root:suc > stAdded>> HUỲNH PHÚ QUÍ
INFO:root:suc > stAdded>> LÊ HỮU HOÀNG QUỐC
INFO:root:suc > stAdded>> PHAN ĐÌNH QUỐC
INFO:root:suc > stAdded>> TRƯƠNG ĐẠI QUÝ
INFO:root:suc > stAdded>> VÕ THỊ KIM QUYÊN
INFO:root:suc > stAdded>> CHÚC VĂN QUYẾN
INFO:root:suc > stAdded>> LẦU CÁ SỀNH
INFO:root:suc > stAdded>> HÀ NGỌC SƠN
INFO:root:suc > stAdded>> HOÀNG ĐÌNH SƠN
INFO:root:suc > stAdded>> THÒNG HỐI SUỲN
INFO:root:suc > stAdded>> LƯƠNG ĐỨC TÀI
INFO:root:suc > stAdded>> NGUYỄN THÀNH TÀI
INFO:root:suc > stAdded>> PHẠM HỮU TÀI
INFO:root:suc > stAdded>> TRƯƠNG TẤN TÀI
INFO:root:suc > stAdded>> PHÙNG VĂN TÁM
INFO:root:suc > stAdded>> NGUYỄN THANH TÂM
INFO:root:suc > stAdded>> NGUYỄN TƯỜNG TÂM
INFO:root:suc > stAdded>> NGÔ VĂN VI TẤN
INFO:root:suc > stAdded>> NGUYỄN VĂN TẤN
INFO:root:suc > stAdded>> NGUYỄN VĂN TÈO
INFO:root:suc > stAdded>> HUỲNH THỊ HỒNG THẮM
INFO:root:suc > stAdded>> TRẦN NHẬT THĂNG
INFO:root:suc > stAdded>> HUỲNH TẤN THẮNG
INFO:root:suc > stAdded>> VŨ VĂN THẮNG
INFO:root:suc > stAdded>> ĐÀO ĐỨC THANH
INFO:root:suc > stAdded>> HOÀNG TRUNG THÀNH
INFO:root:suc > stAdded>> HOÀNG VĂN THÀNH
INFO:root:suc > stAdded>> LÊ VĂN THÀNH
INFO:root:suc > stAdded>> TRỊNH NGỌC THÀNH
INFO:root:suc > stAdded>> HUỲNH VĂN THẢO
INFO:root:suc > stAdded>> PHÙNG THỊ PHƯƠNG THẢO
INFO:root:suc > stAdded>> TRẦN THỊ LINH THẢO
INFO:root:suc > stAdded>> TRẦN THỊ THU THẢO
INFO:root:suc > stAdded>> MAI THANH THIÊN
INFO:root:suc > stAdded>> LÊ ĐỨC THỊNH
INFO:root:suc > stAdded>> NGUYỄN VĂN THOẠI
INFO:root:suc > stAdded>> NGUYỄN VĂN THOÀNG
INFO:root:suc > stAdded>> LÊ THỊ THU
INFO:root:suc > stAdded>> PHẠM THỊ THUẬN
INFO:root:suc > stAdded>> VÕ VĂN THUẬN
INFO:root:suc > stAdded>> HUỲNH THỊ HỒNG THÚY
INFO:root:suc > stAdded>> NGUYỄN THỊ THANH THÚY
INFO:root:suc > stAdded>> NGUYỄN THỊ THU THỦY
INFO:root:suc > stAdded>> VÕ VĂN TIỆM
INFO:root:suc > stAdded>> LÊ NGUYỄN TIẾN
INFO:root:suc > stAdded>> DƯƠNG MINH TÍN
INFO:root:suc > stAdded>> NGUYỄN TRƯỜNG TÍN
INFO:root:suc > stAdded>> ĐẶNG XUÂN TRÃI
INFO:root:suc > stAdded>> LÊ THỊ THÙY TRANG
INFO:root:suc > stAdded>> NGUYỄN THỊ THÙY TRANG
INFO:root:suc > stAdded>> KRA JĂN TREO
INFO:root:suc > stAdded>> NGUYỄN VIẾT MINH TRÍ
INFO:root:suc > stAdded>> PHẠM VĂN TRÍ
INFO:root:suc > stAdded>> TRẦN KHẢI TRIỀU
INFO:root:suc > stAdded>> PHAN THỊ THANH TRÚC
INFO:root:suc > stAdded>> NGUYỄN CHÍNH TRUNG
INFO:root:suc > stAdded>> NGUYỄN NGỌC THANH TRUNG
INFO:root:suc > stAdded>> PHẠM QUANG TRUNG
INFO:root:suc > stAdded>> VŨ THÀNH TRƯNG
INFO:root:suc > stAdded>> NGUYỄN TRỌNG TÚ
INFO:root:suc > stAdded>> THẠCH HOÀNG TÚ
INFO:root:suc > stAdded>> TRẦN NGỌC TÚ
INFO:root:suc > stAdded>> TRẦN NGUYỄN ANH TÚ
INFO:root:suc > stAdded>> HUỲNH MINH TUẤN
INFO:root:suc > stAdded>> NGUYỄN ANH TUẤN
INFO:root:suc > stAdded>> PHẠM TUẤN
INFO:root:suc > stAdded>> KRĂ JAN TUYÊN
INFO:root:suc > stAdded>> LÊ DUY TUYỂN
INFO:root:suc > stAdded>> BÙI NHẤT UYÊN
INFO:root:suc > stAdded>> NGUYỄN LÊ UYÊN
INFO:root:suc > stAdded>> TRẦN DƯƠNG NGỌC UYÊN
INFO:root:suc > stAdded>> TRẦN THỊ THANH VÂN
INFO:root:suc > stAdded>> TRẦN ANH VĨ
INFO:root:suc > stAdded>> NGUYỄN QUANG VINH
INFO:root:suc > stAdded>> BÙI VĂN VỊNH
INFO:root:suc > stAdded>> LÊ THỊ VÒNG
INFO:root:suc > stAdded>> NGUYỄN TÙNG VƯƠNG
INFO:root:suc > stAdded>> LÊ THỊ YẾN VY
INFO:root:suc > stAdded>> TRẦN ĐÌNH VỸ
INFO:root:suc > stAdded>> HOÀNG THỊ THANH XUÂN
INFO:root:suc > stAdded>> NGÔ HOÀNG XUÂN
INFO:root:suc > stAdded>> NGUYỄN THỊ XUÂN
INFO:root:suc > stAdded>> NGUYỄN MINH Ý
INFO:root:suc > stAdded>> NGUYỄN NGỌC YẾN
INFO:root:er >>sendIm_ftp> (111, 'Connection refused')
